{"/Users/Tess/alchemy/career-track/week-03/full-stack-app-lab/lib/app.js": {"path":"/Users/Tess/alchemy/career-track/week-03/full-stack-app-lab/lib/app.js","statementMap":{"0":{"start":{"line":1,"column":16},"end":{"line":1,"column":34}},"1":{"start":{"line":2,"column":12},"end":{"line":2,"column":21}},"2":{"start":{"line":6,"column":0},"end":{"line":6,"column":24}},"3":{"start":{"line":7,"column":0},"end":{"line":7,"column":36}},"4":{"start":{"line":9,"column":0},"end":{"line":9,"column":50}},"5":{"start":{"line":11,"column":0},"end":{"line":11,"column":43}},"6":{"start":{"line":12,"column":0},"end":{"line":12,"column":39}},"7":{"start":{"line":14,"column":0},"end":{"line":14,"column":21}}},"fnMap":{},"branchMap":{},"s":{"0":1,"1":1,"2":1,"3":1,"4":1,"5":1,"6":1,"7":1},"f":{},"b":{},"_coverageSchema":"43e27e138ebf9cfc5966b082cf9a028302ed4184","hash":"ca88ba1b88332ae84252e731750fc9c449bdb2d5"}
,"/Users/Tess/alchemy/career-track/week-03/full-stack-app-lab/lib/middleware/ensure-auth.js": {"path":"/Users/Tess/alchemy/career-track/week-03/full-stack-app-lab/lib/middleware/ensure-auth.js","statementMap":{"0":{"start":{"line":1,"column":13},"end":{"line":1,"column":38}},"1":{"start":{"line":3,"column":0},"end":{"line":15,"column":2}},"2":{"start":{"line":5,"column":16},"end":{"line":5,"column":35}},"3":{"start":{"line":7,"column":2},"end":{"line":14,"column":17}},"4":{"start":{"line":11,"column":6},"end":{"line":11,"column":22}},"5":{"start":{"line":12,"column":6},"end":{"line":12,"column":13}}},"fnMap":{"0":{"name":"(anonymous_0)","decl":{"start":{"line":3,"column":17},"end":{"line":3,"column":18}},"loc":{"start":{"line":3,"column":37},"end":{"line":15,"column":1}},"line":3},"1":{"name":"(anonymous_1)","decl":{"start":{"line":9,"column":10},"end":{"line":9,"column":11}},"loc":{"start":{"line":9,"column":18},"end":{"line":13,"column":5}},"line":9}},"branchMap":{},"s":{"0":1,"1":1,"2":1,"3":1,"4":1,"5":1},"f":{"0":1,"1":1},"b":{},"_coverageSchema":"43e27e138ebf9cfc5966b082cf9a028302ed4184","hash":"609dfcd371604e5993b9b969a445b7491964b043"}
,"/Users/Tess/alchemy/career-track/week-03/full-stack-app-lab/lib/middleware/error.js": {"path":"/Users/Tess/alchemy/career-track/week-03/full-stack-app-lab/lib/middleware/error.js","statementMap":{"0":{"start":{"line":1,"column":17},"end":{"line":1,"column":36}},"1":{"start":{"line":4,"column":0},"end":{"line":20,"column":2}},"2":{"start":{"line":5,"column":15},"end":{"line":5,"column":32}},"3":{"start":{"line":7,"column":2},"end":{"line":10,"column":3}},"4":{"start":{"line":9,"column":4},"end":{"line":9,"column":17}},"5":{"start":{"line":12,"column":2},"end":{"line":12,"column":21}},"6":{"start":{"line":14,"column":2},"end":{"line":14,"column":19}},"7":{"start":{"line":16,"column":2},"end":{"line":19,"column":5}}},"fnMap":{"0":{"name":"(anonymous_0)","decl":{"start":{"line":4,"column":17},"end":{"line":4,"column":18}},"loc":{"start":{"line":4,"column":42},"end":{"line":20,"column":1}},"line":4}},"branchMap":{"0":{"loc":{"start":{"line":5,"column":15},"end":{"line":5,"column":32}},"type":"binary-expr","locations":[{"start":{"line":5,"column":15},"end":{"line":5,"column":25}},{"start":{"line":5,"column":29},"end":{"line":5,"column":32}}],"line":5},"1":{"loc":{"start":{"line":7,"column":2},"end":{"line":10,"column":3}},"type":"if","locations":[{"start":{"line":7,"column":2},"end":{"line":10,"column":3}},{"start":{"line":7,"column":2},"end":{"line":10,"column":3}}],"line":7},"2":{"loc":{"start":{"line":7,"column":5},"end":{"line":8,"column":43}},"type":"binary-expr","locations":[{"start":{"line":7,"column":5},"end":{"line":7,"column":50}},{"start":{"line":8,"column":4},"end":{"line":8,"column":43}}],"line":7}},"s":{"0":1,"1":1,"2":2,"3":2,"4":0,"5":2,"6":2,"7":2},"f":{"0":2},"b":{"0":[2,0],"1":[0,2],"2":[2,2]},"_coverageSchema":"43e27e138ebf9cfc5966b082cf9a028302ed4184","hash":"146df8670a1792bc0dabb8f2a1c33080e11fea9d"}
,"/Users/Tess/alchemy/career-track/week-03/full-stack-app-lab/lib/middleware/not-found.js": {"path":"/Users/Tess/alchemy/career-track/week-03/full-stack-app-lab/lib/middleware/not-found.js","statementMap":{"0":{"start":{"line":1,"column":0},"end":{"line":5,"column":2}},"1":{"start":{"line":2,"column":14},"end":{"line":2,"column":36}},"2":{"start":{"line":3,"column":2},"end":{"line":3,"column":19}},"3":{"start":{"line":4,"column":2},"end":{"line":4,"column":12}}},"fnMap":{"0":{"name":"(anonymous_0)","decl":{"start":{"line":1,"column":17},"end":{"line":1,"column":18}},"loc":{"start":{"line":1,"column":37},"end":{"line":5,"column":1}},"line":1}},"branchMap":{},"s":{"0":1,"1":0,"2":0,"3":0},"f":{"0":0},"b":{},"_coverageSchema":"43e27e138ebf9cfc5966b082cf9a028302ed4184","hash":"91c5e8f4dd24c20e288740aac0f53a6c9bef0196"}
,"/Users/Tess/alchemy/career-track/week-03/full-stack-app-lab/lib/models/User.js": {"path":"/Users/Tess/alchemy/career-track/week-03/full-stack-app-lab/lib/models/User.js","statementMap":{"0":{"start":{"line":1,"column":17},"end":{"line":1,"column":36}},"1":{"start":{"line":2,"column":15},"end":{"line":2,"column":32}},"2":{"start":{"line":3,"column":12},"end":{"line":3,"column":35}},"3":{"start":{"line":5,"column":15},"end":{"line":25,"column":2}},"4":{"start":{"line":21,"column":6},"end":{"line":21,"column":35}},"5":{"start":{"line":27,"column":0},"end":{"line":29,"column":3}},"6":{"start":{"line":28,"column":2},"end":{"line":28,"column":52}},"7":{"start":{"line":32,"column":0},"end":{"line":44,"column":2}},"8":{"start":{"line":33,"column":2},"end":{"line":43,"column":3}},"9":{"start":{"line":34,"column":25},"end":{"line":34,"column":66}},"10":{"start":{"line":35,"column":4},"end":{"line":39,"column":8}},"11":{"start":{"line":42,"column":4},"end":{"line":42,"column":31}},"12":{"start":{"line":47,"column":0},"end":{"line":62,"column":2}},"13":{"start":{"line":48,"column":15},"end":{"line":48,"column":44}},"14":{"start":{"line":49,"column":2},"end":{"line":53,"column":3}},"15":{"start":{"line":50,"column":16},"end":{"line":50,"column":54}},"16":{"start":{"line":51,"column":4},"end":{"line":51,"column":21}},"17":{"start":{"line":52,"column":4},"end":{"line":52,"column":14}},"18":{"start":{"line":55,"column":24},"end":{"line":55,"column":71}},"19":{"start":{"line":56,"column":2},"end":{"line":60,"column":3}},"20":{"start":{"line":57,"column":16},"end":{"line":57,"column":54}},"21":{"start":{"line":58,"column":4},"end":{"line":58,"column":21}},"22":{"start":{"line":59,"column":4},"end":{"line":59,"column":14}},"23":{"start":{"line":61,"column":2},"end":{"line":61,"column":14}},"24":{"start":{"line":64,"column":0},"end":{"line":68,"column":2}},"25":{"start":{"line":65,"column":2},"end":{"line":67,"column":5}},"26":{"start":{"line":70,"column":0},"end":{"line":70,"column":48}}},"fnMap":{"0":{"name":"(anonymous_0)","decl":{"start":{"line":20,"column":15},"end":{"line":20,"column":16}},"loc":{"start":{"line":20,"column":39},"end":{"line":22,"column":5}},"line":20},"1":{"name":"(anonymous_1)","decl":{"start":{"line":27,"column":31},"end":{"line":27,"column":32}},"loc":{"start":{"line":27,"column":50},"end":{"line":29,"column":1}},"line":27},"2":{"name":"(anonymous_2)","decl":{"start":{"line":32,"column":29},"end":{"line":32,"column":30}},"loc":{"start":{"line":32,"column":45},"end":{"line":44,"column":1}},"line":32},"3":{"name":"(anonymous_3)","decl":{"start":{"line":47,"column":30},"end":{"line":47,"column":31}},"loc":{"start":{"line":47,"column":66},"end":{"line":62,"column":1}},"line":47},"4":{"name":"(anonymous_4)","decl":{"start":{"line":64,"column":27},"end":{"line":64,"column":28}},"loc":{"start":{"line":64,"column":38},"end":{"line":68,"column":1}},"line":64}},"branchMap":{"0":{"loc":{"start":{"line":49,"column":2},"end":{"line":53,"column":3}},"type":"if","locations":[{"start":{"line":49,"column":2},"end":{"line":53,"column":3}},{"start":{"line":49,"column":2},"end":{"line":53,"column":3}}],"line":49},"1":{"loc":{"start":{"line":56,"column":2},"end":{"line":60,"column":3}},"type":"if","locations":[{"start":{"line":56,"column":2},"end":{"line":60,"column":3}},{"start":{"line":56,"column":2},"end":{"line":60,"column":3}}],"line":56},"2":{"loc":{"start":{"line":65,"column":33},"end":{"line":65,"column":69}},"type":"binary-expr","locations":[{"start":{"line":65,"column":33},"end":{"line":65,"column":55}},{"start":{"line":65,"column":59},"end":{"line":65,"column":69}}],"line":65}},"s":{"0":1,"1":1,"2":1,"3":1,"4":7,"5":1,"6":5,"7":1,"8":1,"9":1,"10":1,"11":0,"12":1,"13":4,"14":4,"15":1,"16":1,"17":1,"18":3,"19":3,"20":1,"21":1,"22":1,"23":2,"24":1,"25":3,"26":1},"f":{"0":7,"1":5,"2":1,"3":4,"4":3},"b":{"0":[1,3],"1":[1,2],"2":[3,0]},"_coverageSchema":"43e27e138ebf9cfc5966b082cf9a028302ed4184","hash":"481b5e5a967346a3e58457180233b554de6f75d7"}
,"/Users/Tess/alchemy/career-track/week-03/full-stack-app-lab/lib/routes/auth.js": {"path":"/Users/Tess/alchemy/career-track/week-03/full-stack-app-lab/lib/routes/auth.js","statementMap":{"0":{"start":{"line":1,"column":19},"end":{"line":1,"column":37}},"1":{"start":{"line":2,"column":13},"end":{"line":2,"column":38}},"2":{"start":{"line":3,"column":19},"end":{"line":3,"column":55}},"3":{"start":{"line":5,"column":0},"end":{"line":33,"column":5}},"4":{"start":{"line":7,"column":4},"end":{"line":15,"column":19}},"5":{"start":{"line":10,"column":8},"end":{"line":12,"column":11}},"6":{"start":{"line":13,"column":8},"end":{"line":13,"column":23}},"7":{"start":{"line":19,"column":4},"end":{"line":27,"column":19}},"8":{"start":{"line":22,"column":8},"end":{"line":24,"column":11}},"9":{"start":{"line":25,"column":8},"end":{"line":25,"column":23}},"10":{"start":{"line":32,"column":4},"end":{"line":32,"column":23}}},"fnMap":{"0":{"name":"(anonymous_0)","decl":{"start":{"line":6,"column":19},"end":{"line":6,"column":20}},"loc":{"start":{"line":6,"column":39},"end":{"line":16,"column":3}},"line":6},"1":{"name":"(anonymous_1)","decl":{"start":{"line":9,"column":12},"end":{"line":9,"column":13}},"loc":{"start":{"line":9,"column":20},"end":{"line":14,"column":7}},"line":9},"2":{"name":"(anonymous_2)","decl":{"start":{"line":18,"column":18},"end":{"line":18,"column":19}},"loc":{"start":{"line":18,"column":38},"end":{"line":28,"column":3}},"line":18},"3":{"name":"(anonymous_3)","decl":{"start":{"line":21,"column":12},"end":{"line":21,"column":13}},"loc":{"start":{"line":21,"column":20},"end":{"line":26,"column":7}},"line":21},"4":{"name":"(anonymous_4)","decl":{"start":{"line":31,"column":30},"end":{"line":31,"column":31}},"loc":{"start":{"line":31,"column":50},"end":{"line":33,"column":3}},"line":31}},"branchMap":{},"s":{"0":1,"1":1,"2":1,"3":1,"4":1,"5":1,"6":1,"7":4,"8":2,"9":2,"10":1},"f":{"0":1,"1":1,"2":4,"3":2,"4":1},"b":{},"_coverageSchema":"43e27e138ebf9cfc5966b082cf9a028302ed4184","hash":"8ea68db753e9f76d8dc71ae5e2acfe1de227da8c"}
,"/Users/Tess/alchemy/career-track/week-03/full-stack-app-lab/lib/utils/connect.js": {"path":"/Users/Tess/alchemy/career-track/week-03/full-stack-app-lab/lib/utils/connect.js","statementMap":{"0":{"start":{"line":1,"column":17},"end":{"line":1,"column":36}},"1":{"start":{"line":2,"column":18},"end":{"line":2,"column":32}},"2":{"start":{"line":4,"column":0},"end":{"line":25,"column":2}},"3":{"start":{"line":5,"column":2},"end":{"line":10,"column":5}},"4":{"start":{"line":12,"column":2},"end":{"line":16,"column":5}},"5":{"start":{"line":13,"column":22},"end":{"line":13,"column":32}},"6":{"start":{"line":14,"column":24},"end":{"line":14,"column":109}},"7":{"start":{"line":15,"column":4},"end":{"line":15,"column":58}},"8":{"start":{"line":18,"column":2},"end":{"line":20,"column":5}},"9":{"start":{"line":19,"column":4},"end":{"line":19,"column":45}},"10":{"start":{"line":22,"column":2},"end":{"line":24,"column":5}},"11":{"start":{"line":23,"column":4},"end":{"line":23,"column":47}}},"fnMap":{"0":{"name":"(anonymous_0)","decl":{"start":{"line":4,"column":17},"end":{"line":4,"column":18}},"loc":{"start":{"line":4,"column":52},"end":{"line":25,"column":1}},"line":4},"1":{"name":"(anonymous_1)","decl":{"start":{"line":12,"column":38},"end":{"line":12,"column":39}},"loc":{"start":{"line":12,"column":44},"end":{"line":16,"column":3}},"line":12},"2":{"name":"(anonymous_2)","decl":{"start":{"line":18,"column":41},"end":{"line":18,"column":42}},"loc":{"start":{"line":18,"column":47},"end":{"line":20,"column":3}},"line":18},"3":{"name":"(anonymous_3)","decl":{"start":{"line":22,"column":34},"end":{"line":22,"column":35}},"loc":{"start":{"line":22,"column":40},"end":{"line":24,"column":3}},"line":22}},"branchMap":{"0":{"loc":{"start":{"line":4,"column":18},"end":{"line":4,"column":47}},"type":"default-arg","locations":[{"start":{"line":4,"column":24},"end":{"line":4,"column":47}}],"line":4}},"s":{"0":1,"1":1,"2":1,"3":1,"4":1,"5":1,"6":1,"7":1,"8":1,"9":1,"10":1,"11":0},"f":{"0":1,"1":1,"2":1,"3":0},"b":{"0":[1]},"_coverageSchema":"43e27e138ebf9cfc5966b082cf9a028302ed4184","hash":"f127fa64276972b052cdc69b3318aff088b06426"}
}
