TN:
SF:/Users/Tess/alchemy/career-track/week-03/authentification-lab/lib/app.js
FNF:0
FNH:0
DA:1,1
DA:2,1
DA:4,1
DA:6,1
DA:8,1
DA:9,1
DA:11,1
LF:7
LH:7
BRF:0
BRH:0
end_of_record
TN:
SF:/Users/Tess/alchemy/career-track/week-03/authentification-lab/lib/middleware/error.js
FN:4,(anonymous_0)
FNF:1
FNH:1
FNDA:2,(anonymous_0)
DA:1,1
DA:4,1
DA:5,2
DA:7,2
DA:9,0
DA:12,2
DA:14,2
DA:16,2
LF:8
LH:7
BRDA:5,0,0,2
BRDA:5,0,1,0
BRDA:7,1,0,0
BRDA:7,1,1,2
BRDA:7,2,0,2
BRDA:7,2,1,2
BRF:6
BRH:4
end_of_record
TN:
SF:/Users/Tess/alchemy/career-track/week-03/authentification-lab/lib/middleware/not-found.js
FN:1,(anonymous_0)
FNF:1
FNH:0
FNDA:0,(anonymous_0)
DA:1,1
DA:2,0
DA:3,0
DA:4,0
LF:4
LH:1
BRF:0
BRH:0
end_of_record
TN:
SF:/Users/Tess/alchemy/career-track/week-03/authentification-lab/lib/models/User.js
FN:20,(anonymous_0)
FN:27,(anonymous_1)
FN:34,(anonymous_2)
FN:55,(anonymous_3)
FNF:4
FNH:4
FNDA:3,(anonymous_0)
FNDA:4,(anonymous_1)
FNDA:3,(anonymous_2)
FNDA:1,(anonymous_3)
DA:1,1
DA:2,1
DA:3,1
DA:5,1
DA:21,3
DA:27,1
DA:29,4
DA:34,1
DA:36,3
DA:38,3
DA:39,1
DA:40,1
DA:41,1
DA:45,2
DA:46,2
DA:47,1
DA:48,1
DA:49,1
DA:51,1
DA:55,1
DA:56,1
DA:61,1
LF:22
LH:22
BRDA:38,0,0,1
BRDA:38,0,1,2
BRDA:46,1,0,1
BRDA:46,1,1,1
BRF:4
BRH:4
end_of_record
TN:
SF:/Users/Tess/alchemy/career-track/week-03/authentification-lab/lib/routes/auth.js
FN:5,(anonymous_0)
FN:8,(anonymous_1)
FN:12,(anonymous_2)
FN:15,(anonymous_3)
FNF:4
FNH:4
FNDA:1,(anonymous_0)
FNDA:1,(anonymous_1)
FNDA:3,(anonymous_2)
FNDA:1,(anonymous_3)
DA:1,1
DA:2,1
DA:4,1
DA:6,1
DA:8,1
DA:13,3
DA:17,1
DA:20,1
LF:8
LH:8
BRF:0
BRH:0
end_of_record
TN:
SF:/Users/Tess/alchemy/career-track/week-03/authentification-lab/lib/utils/connect.js
FN:4,(anonymous_0)
FN:12,(anonymous_1)
FN:18,(anonymous_2)
FN:22,(anonymous_3)
FNF:4
FNH:3
FNDA:1,(anonymous_0)
FNDA:1,(anonymous_1)
FNDA:1,(anonymous_2)
FNDA:0,(anonymous_3)
DA:1,1
DA:2,1
DA:4,1
DA:5,1
DA:12,1
DA:13,1
DA:14,1
DA:15,1
DA:18,1
DA:19,1
DA:22,1
DA:23,0
LF:12
LH:11
BRDA:4,0,0,1
BRF:1
BRH:1
end_of_record
